2025-10-19 00:39:14.267 [background-preinit] INFO  o.h.validator.internal.util.Version - HV000001: Hibernate Validator 8.0.3.Final
2025-10-19 00:39:14.311 [main] INFO  c._.seasonthon.SeasonthonApplication - Starting SeasonthonApplication using Java 17.0.12 with PID 44752 (/Users/dongkyun/Project/우물밖개구리/2025_SEASONTHON_TEAM_36_BE/build/classes/java/main started by dongkyun in /Users/dongkyun/Project/우물밖개구리/2025_SEASONTHON_TEAM_36_BE)
2025-10-19 00:39:14.312 [main] INFO  c._.seasonthon.SeasonthonApplication - No active profile set, falling back to 1 default profile: "default"
2025-10-19 00:39:14.802 [main] INFO  o.s.d.r.c.RepositoryConfigurationDelegate - Bootstrapping Spring Data JPA repositories in DEFAULT mode.
2025-10-19 00:39:14.846 [main] INFO  o.s.d.r.c.RepositoryConfigurationDelegate - Finished Spring Data repository scanning in 38 ms. Found 8 JPA repository interfaces.
2025-10-19 00:39:15.314 [main] INFO  o.s.b.w.e.tomcat.TomcatWebServer - Tomcat initialized with port 8080 (http)
2025-10-19 00:39:15.324 [main] INFO  o.a.coyote.http11.Http11NioProtocol - Initializing ProtocolHandler ["http-nio-8080"]
2025-10-19 00:39:15.325 [main] INFO  o.a.catalina.core.StandardService - Starting service [Tomcat]
2025-10-19 00:39:15.325 [main] INFO  o.a.catalina.core.StandardEngine - Starting Servlet engine: [Apache Tomcat/10.1.44]
2025-10-19 00:39:15.365 [main] INFO  o.a.c.c.C.[Tomcat].[localhost].[/] - Initializing Spring embedded WebApplicationContext
2025-10-19 00:39:15.366 [main] INFO  o.s.b.w.s.c.ServletWebServerApplicationContext - Root WebApplicationContext: initialization completed in 1014 ms
2025-10-19 00:39:15.537 [main] INFO  o.h.jpa.internal.util.LogHelper - HHH000204: Processing PersistenceUnitInfo [name: default]
2025-10-19 00:39:15.583 [main] INFO  org.hibernate.Version - HHH000412: Hibernate ORM core version 6.6.26.Final
2025-10-19 00:39:15.637 [main] INFO  o.h.c.i.RegionFactoryInitiator - HHH000026: Second-level cache disabled
2025-10-19 00:39:15.898 [main] INFO  o.s.o.j.p.SpringPersistenceUnitInfo - No LoadTimeWeaver setup: ignoring JPA class transformer
2025-10-19 00:39:15.923 [main] INFO  com.zaxxer.hikari.HikariDataSource - HikariPool-1 - Starting...
2025-10-19 00:39:16.215 [main] INFO  com.zaxxer.hikari.pool.HikariPool - HikariPool-1 - Added connection com.mysql.cj.jdbc.ConnectionImpl@72d16d6
2025-10-19 00:39:16.217 [main] INFO  com.zaxxer.hikari.HikariDataSource - HikariPool-1 - Start completed.
2025-10-19 00:39:16.283 [main] WARN  org.hibernate.orm.deprecation - HHH90000025: MySQL8Dialect does not need to be specified explicitly using 'hibernate.dialect' (remove the property setting and it will be selected by default)
2025-10-19 00:39:16.284 [main] WARN  org.hibernate.orm.deprecation - HHH90000026: MySQL8Dialect has been deprecated; use org.hibernate.dialect.MySQLDialect instead
2025-10-19 00:39:16.298 [main] INFO  o.hibernate.orm.connections.pooling - HHH10001005: Database info:
	Database JDBC URL [Connecting through datasource 'HikariDataSource (HikariPool-1)']
	Database driver: undefined/unknown
	Database version: 8.0
	Autocommit mode: undefined/unknown
	Isolation level: undefined/unknown
	Minimum pool size: undefined/unknown
	Maximum pool size: undefined/unknown
2025-10-19 00:39:17.074 [main] INFO  o.h.e.t.j.p.i.JtaPlatformInitiator - HHH000489: No JTA platform available (set 'hibernate.transaction.jta.platform' to enable JTA platform integration)
2025-10-19 00:39:17.130 [main] DEBUG org.hibernate.SQL - 
    alter table daily_log_after 
       modify column completion_level enum ('FIFTY','ONE_HUNDRED','SEVENTY_FIVE','TWENTY_FIVE','ZERO') not null
2025-10-19 00:39:17.162 [main] DEBUG org.hibernate.SQL - 
    alter table daily_log_after 
       modify column mood enum ('ANGRY','CALM','DEPRESSED','DISAPPOINTED','EMPTY','EXCITED','FRUSTRATED','HAPPY','NORMAL','THRILLING') not null
2025-10-19 00:39:17.170 [main] DEBUG org.hibernate.SQL - 
    alter table daily_log_before 
       modify column place enum ('CAFE','CLASSROOM','HOME','LIBRARY','OTHER','WORK') not null
2025-10-19 00:39:17.202 [main] INFO  o.s.o.j.LocalContainerEntityManagerFactoryBean - Initialized JPA EntityManagerFactory for persistence unit 'default'
2025-10-19 00:39:17.577 [main] INFO  o.s.d.j.r.query.QueryEnhancerFactory - Hibernate is in classpath; If applicable, HQL parser will be used.
2025-10-19 00:39:17.952 [main] WARN  o.s.b.a.o.j.JpaBaseConfiguration$JpaWebConfiguration - spring.jpa.open-in-view is enabled by default. Therefore, database queries may be performed during view rendering. Explicitly configure spring.jpa.open-in-view to disable this warning
2025-10-19 00:39:18.381 [main] INFO  o.a.coyote.http11.Http11NioProtocol - Starting ProtocolHandler ["http-nio-8080"]
2025-10-19 00:39:18.386 [main] INFO  o.s.b.w.e.tomcat.TomcatWebServer - Tomcat started on port 8080 (http) with context path '/'
2025-10-19 00:39:18.393 [main] INFO  c._.seasonthon.SeasonthonApplication - Started SeasonthonApplication in 4.426 seconds (process running for 4.703)
2025-10-19 00:39:31.308 [SpringApplicationShutdownHook] INFO  o.s.b.w.e.tomcat.GracefulShutdown - Commencing graceful shutdown. Waiting for active requests to complete
2025-10-19 00:39:31.316 [tomcat-shutdown] INFO  o.s.b.w.e.tomcat.GracefulShutdown - Graceful shutdown complete
2025-10-19 00:39:31.322 [SpringApplicationShutdownHook] INFO  o.s.o.j.LocalContainerEntityManagerFactoryBean - Closing JPA EntityManagerFactory for persistence unit 'default'
2025-10-19 00:39:31.326 [SpringApplicationShutdownHook] INFO  com.zaxxer.hikari.HikariDataSource - HikariPool-1 - Shutdown initiated...
2025-10-19 00:39:31.337 [SpringApplicationShutdownHook] INFO  com.zaxxer.hikari.HikariDataSource - HikariPool-1 - Shutdown completed.
2025-10-19 01:49:44.824 [background-preinit] INFO  o.h.validator.internal.util.Version - HV000001: Hibernate Validator 8.0.3.Final
2025-10-19 01:49:44.839 [main] INFO  c._.s.diary.DiaryServiceTest - Starting DiaryServiceTest using Java 17.0.12 with PID 51696 (started by dongkyun in /Users/dongkyun/Project/우물밖개구리/2025_SEASONTHON_TEAM_36_BE)
2025-10-19 01:49:44.840 [main] INFO  c._.s.diary.DiaryServiceTest - No active profile set, falling back to 1 default profile: "default"
2025-10-19 01:49:45.403 [main] INFO  o.s.d.r.c.RepositoryConfigurationDelegate - Bootstrapping Spring Data JPA repositories in DEFAULT mode.
2025-10-19 01:49:45.585 [main] INFO  o.s.d.r.c.RepositoryConfigurationDelegate - Finished Spring Data repository scanning in 172 ms. Found 8 JPA repository interfaces.
2025-10-19 01:49:46.392 [main] INFO  o.h.jpa.internal.util.LogHelper - HHH000204: Processing PersistenceUnitInfo [name: default]
2025-10-19 01:49:46.457 [main] INFO  org.hibernate.Version - HHH000412: Hibernate ORM core version 6.6.26.Final
2025-10-19 01:49:46.498 [main] INFO  o.h.c.i.RegionFactoryInitiator - HHH000026: Second-level cache disabled
2025-10-19 01:49:46.787 [main] INFO  o.s.o.j.p.SpringPersistenceUnitInfo - No LoadTimeWeaver setup: ignoring JPA class transformer
2025-10-19 01:49:46.815 [main] INFO  com.zaxxer.hikari.HikariDataSource - HikariPool-1 - Starting...
2025-10-19 01:49:47.250 [main] INFO  com.zaxxer.hikari.pool.HikariPool - HikariPool-1 - Added connection com.mysql.cj.jdbc.ConnectionImpl@33a3e5db
2025-10-19 01:49:47.252 [main] INFO  com.zaxxer.hikari.HikariDataSource - HikariPool-1 - Start completed.
2025-10-19 01:49:47.312 [main] WARN  org.hibernate.orm.deprecation - HHH90000025: MySQL8Dialect does not need to be specified explicitly using 'hibernate.dialect' (remove the property setting and it will be selected by default)
2025-10-19 01:49:47.313 [main] WARN  org.hibernate.orm.deprecation - HHH90000026: MySQL8Dialect has been deprecated; use org.hibernate.dialect.MySQLDialect instead
2025-10-19 01:49:47.335 [main] INFO  o.hibernate.orm.connections.pooling - HHH10001005: Database info:
	Database JDBC URL [Connecting through datasource 'HikariDataSource (HikariPool-1)']
	Database driver: undefined/unknown
	Database version: 8.0
	Autocommit mode: undefined/unknown
	Isolation level: undefined/unknown
	Minimum pool size: undefined/unknown
	Maximum pool size: undefined/unknown
2025-10-19 01:49:48.281 [main] INFO  o.h.e.t.j.p.i.JtaPlatformInitiator - HHH000489: No JTA platform available (set 'hibernate.transaction.jta.platform' to enable JTA platform integration)
2025-10-19 01:49:48.326 [main] DEBUG org.hibernate.SQL - 
    alter table daily_log_after 
       modify column completion_level enum ('FIFTY','ONE_HUNDRED','SEVENTY_FIVE','TWENTY_FIVE','ZERO') not null
2025-10-19 01:49:48.362 [main] DEBUG org.hibernate.SQL - 
    alter table daily_log_after 
       modify column mood enum ('ANGRY','CALM','DEPRESSED','DISAPPOINTED','EMPTY','EXCITED','FRUSTRATED','HAPPY','NORMAL','THRILLING') not null
2025-10-19 01:49:48.371 [main] DEBUG org.hibernate.SQL - 
    alter table daily_log_before 
       modify column place enum ('CAFE','CLASSROOM','HOME','LIBRARY','OTHER','WORK') not null
2025-10-19 01:49:48.378 [main] DEBUG org.hibernate.SQL - 
    alter table step_record 
       add column created_at date
2025-10-19 01:49:48.412 [main] DEBUG org.hibernate.SQL - 
    alter table todo 
       modify column created_at date
2025-10-19 01:49:48.476 [main] INFO  o.s.o.j.LocalContainerEntityManagerFactoryBean - Initialized JPA EntityManagerFactory for persistence unit 'default'
2025-10-19 01:49:48.681 [main] INFO  o.s.d.j.r.query.QueryEnhancerFactory - Hibernate is in classpath; If applicable, HQL parser will be used.
2025-10-19 01:49:49.706 [main] WARN  o.s.b.a.o.j.JpaBaseConfiguration$JpaWebConfiguration - spring.jpa.open-in-view is enabled by default. Therefore, database queries may be performed during view rendering. Explicitly configure spring.jpa.open-in-view to disable this warning
2025-10-19 01:49:50.124 [main] INFO  c._.s.diary.DiaryServiceTest - Started DiaryServiceTest in 5.589 seconds (process running for 6.215)
2025-10-19 01:49:50.346 [main] DEBUG org.hibernate.SQL - 
    insert 
    into
        daily_log_after
        (completion_level, created_at, focus_level, memo, mood, photo_url, user_id) 
    values
        (?, ?, ?, ?, ?, ?, ?)
2025-10-19 01:49:50.360 [main] DEBUG org.hibernate.SQL - 
    insert 
    into
        daily_log_after
        (completion_level, created_at, focus_level, memo, mood, photo_url, user_id) 
    values
        (?, ?, ?, ?, ?, ?, ?)
2025-10-19 01:49:50.388 [main] DEBUG org.hibernate.SQL - 
    select
        dla1_0.created_at,
        dla1_0.mood 
    from
        daily_log_after dla1_0 
    where
        dla1_0.user_id=? 
        and dla1_0.created_at between ? and ? 
    order by
        dla1_0.created_at
2025-10-19 01:49:50.429 [SpringApplicationShutdownHook] INFO  o.s.o.j.LocalContainerEntityManagerFactoryBean - Closing JPA EntityManagerFactory for persistence unit 'default'
2025-10-19 01:49:50.430 [SpringApplicationShutdownHook] INFO  com.zaxxer.hikari.HikariDataSource - HikariPool-1 - Shutdown initiated...
2025-10-19 01:49:50.435 [SpringApplicationShutdownHook] INFO  com.zaxxer.hikari.HikariDataSource - HikariPool-1 - Shutdown completed.
2025-10-19 01:50:38.712 [background-preinit] INFO  o.h.validator.internal.util.Version - HV000001: Hibernate Validator 8.0.3.Final
2025-10-19 01:50:38.732 [main] INFO  c._.seasonthon.SeasonthonApplication - Starting SeasonthonApplication using Java 17.0.12 with PID 51770 (/Users/dongkyun/Project/우물밖개구리/2025_SEASONTHON_TEAM_36_BE/build/classes/java/main started by dongkyun in /Users/dongkyun/Project/우물밖개구리/2025_SEASONTHON_TEAM_36_BE)
2025-10-19 01:50:38.732 [main] INFO  c._.seasonthon.SeasonthonApplication - No active profile set, falling back to 1 default profile: "default"
2025-10-19 01:50:39.156 [main] INFO  o.s.d.r.c.RepositoryConfigurationDelegate - Bootstrapping Spring Data JPA repositories in DEFAULT mode.
2025-10-19 01:50:39.198 [main] INFO  o.s.d.r.c.RepositoryConfigurationDelegate - Finished Spring Data repository scanning in 36 ms. Found 8 JPA repository interfaces.
2025-10-19 01:50:39.504 [main] INFO  o.s.b.w.e.tomcat.TomcatWebServer - Tomcat initialized with port 8080 (http)
2025-10-19 01:50:39.510 [main] INFO  o.a.coyote.http11.Http11NioProtocol - Initializing ProtocolHandler ["http-nio-8080"]
2025-10-19 01:50:39.510 [main] INFO  o.a.catalina.core.StandardService - Starting service [Tomcat]
2025-10-19 01:50:39.510 [main] INFO  o.a.catalina.core.StandardEngine - Starting Servlet engine: [Apache Tomcat/10.1.44]
2025-10-19 01:50:39.532 [main] INFO  o.a.c.c.C.[Tomcat].[localhost].[/] - Initializing Spring embedded WebApplicationContext
2025-10-19 01:50:39.532 [main] INFO  o.s.b.w.s.c.ServletWebServerApplicationContext - Root WebApplicationContext: initialization completed in 784 ms
2025-10-19 01:50:39.599 [main] INFO  o.h.jpa.internal.util.LogHelper - HHH000204: Processing PersistenceUnitInfo [name: default]
2025-10-19 01:50:39.622 [main] INFO  org.hibernate.Version - HHH000412: Hibernate ORM core version 6.6.26.Final
2025-10-19 01:50:39.635 [main] INFO  o.h.c.i.RegionFactoryInitiator - HHH000026: Second-level cache disabled
2025-10-19 01:50:39.758 [main] INFO  o.s.o.j.p.SpringPersistenceUnitInfo - No LoadTimeWeaver setup: ignoring JPA class transformer
2025-10-19 01:50:39.769 [main] INFO  com.zaxxer.hikari.HikariDataSource - HikariPool-1 - Starting...
2025-10-19 01:50:39.841 [main] INFO  com.zaxxer.hikari.pool.HikariPool - HikariPool-1 - Added connection com.mysql.cj.jdbc.ConnectionImpl@5454be
2025-10-19 01:50:39.842 [main] INFO  com.zaxxer.hikari.HikariDataSource - HikariPool-1 - Start completed.
2025-10-19 01:50:39.868 [main] WARN  org.hibernate.orm.deprecation - HHH90000025: MySQL8Dialect does not need to be specified explicitly using 'hibernate.dialect' (remove the property setting and it will be selected by default)
2025-10-19 01:50:39.869 [main] WARN  org.hibernate.orm.deprecation - HHH90000026: MySQL8Dialect has been deprecated; use org.hibernate.dialect.MySQLDialect instead
2025-10-19 01:50:39.879 [main] INFO  o.hibernate.orm.connections.pooling - HHH10001005: Database info:
	Database JDBC URL [Connecting through datasource 'HikariDataSource (HikariPool-1)']
	Database driver: undefined/unknown
	Database version: 8.0
	Autocommit mode: undefined/unknown
	Isolation level: undefined/unknown
	Minimum pool size: undefined/unknown
	Maximum pool size: undefined/unknown
2025-10-19 01:50:40.375 [main] INFO  o.h.e.t.j.p.i.JtaPlatformInitiator - HHH000489: No JTA platform available (set 'hibernate.transaction.jta.platform' to enable JTA platform integration)
2025-10-19 01:50:40.406 [main] DEBUG org.hibernate.SQL - 
    alter table daily_log_after 
       modify column completion_level enum ('FIFTY','ONE_HUNDRED','SEVENTY_FIVE','TWENTY_FIVE','ZERO') not null
2025-10-19 01:50:40.417 [main] DEBUG org.hibernate.SQL - 
    alter table daily_log_after 
       modify column mood enum ('ANGRY','CALM','DEPRESSED','DISAPPOINTED','EMPTY','EXCITED','FRUSTRATED','HAPPY','NORMAL','THRILLING') not null
2025-10-19 01:50:40.422 [main] DEBUG org.hibernate.SQL - 
    alter table daily_log_before 
       modify column place enum ('CAFE','CLASSROOM','HOME','LIBRARY','OTHER','WORK') not null
2025-10-19 01:50:40.446 [main] INFO  o.s.o.j.LocalContainerEntityManagerFactoryBean - Initialized JPA EntityManagerFactory for persistence unit 'default'
2025-10-19 01:50:40.650 [main] INFO  o.s.d.j.r.query.QueryEnhancerFactory - Hibernate is in classpath; If applicable, HQL parser will be used.
2025-10-19 01:50:41.411 [main] WARN  o.s.b.a.o.j.JpaBaseConfiguration$JpaWebConfiguration - spring.jpa.open-in-view is enabled by default. Therefore, database queries may be performed during view rendering. Explicitly configure spring.jpa.open-in-view to disable this warning
2025-10-19 01:50:41.783 [main] INFO  o.a.coyote.http11.Http11NioProtocol - Starting ProtocolHandler ["http-nio-8080"]
2025-10-19 01:50:41.788 [main] INFO  o.s.b.w.e.tomcat.TomcatWebServer - Tomcat started on port 8080 (http) with context path '/'
2025-10-19 01:50:41.794 [main] INFO  c._.seasonthon.SeasonthonApplication - Started SeasonthonApplication in 3.31 seconds (process running for 3.581)
